<?xml version="1.0" encoding="UTF-8"?>
<!-- Generated by org.testng.reporters.JUnitXMLReporter -->
<testsuite hostname="DESKTOP-U3FH6HC" ignored="0" name="Chrome Test" tests="1" failures="1" timestamp="15 Jan 2022 21:21:19 GMT" time="173.786" errors="0">
  <testcase name="tc2" time="173.418" classname="org.parallel.Testcase">
    <failure type="java.lang.NullPointerException">
      <![CDATA[java.lang.NullPointerException
at org.utilities.BaseClass.winMax(BaseClass.java:50)
at org.parallel.Testcase.tc2(Testcase.java:37)
at java.util.concurrent.FutureTask.run(Unknown Source)
at java.util.concurrent.ThreadPoolExecutor.runWorker(Unknown Source)
at java.util.concurrent.ThreadPoolExecutor$Worker.run(Unknown Source)
at java.lang.Thread.run(Unknown Source)
... Removed 16 stack frames]]>
    </failure>
  </testcase> <!-- tc2 -->
</testsuite> <!-- Chrome Test -->
