<?xml version="1.0" encoding="UTF-8"?>
<!-- Generated by org.testng.reporters.JUnitXMLReporter -->
<testsuite hostname="DESKTOP-U3FH6HC" ignored="0" name="Test" tests="6" failures="0" timestamp="15 Jan 2022 20:00:35 GMT" time="231.266" errors="0">
  <testcase name="tc11" time="33.877" classname="org.parallel.Paa"/>
  <testcase name="tc1" time="34.766" classname="org.parallel.Pa"/>
  <testcase name="tc22" time="73.301" classname="org.parallel.Paa"/>
  <testcase name="tc2" time="72.564" classname="org.parallel.Pa"/>
  <testcase name="tc31" time="122.95" classname="org.parallel.Paa"/>
  <testcase name="tc3" time="123.089" classname="org.parallel.Pa"/>
</testsuite> <!-- Test -->
